Arguments: 
  C:\Program Files\nodejs\node.exe C:\Users\alainadmin\AppData\Roaming\npm\node_modules\yarn\bin\yarn.js add @mui/icons-material

PATH: 
  C:\Users\alainadmin\AppData\Roaming\npm;C:\Program Files\nodejs\;C:\Program Files (x86)\Intel\TXE Components\TCS\;C:\Program Files\Intel\TXE Components\TCS\;C:\WINDOWS\system32;C:\WINDOWS;C:\WINDOWS\System32\Wbem;C:\WINDOWS\System32\WindowsPowerShell\v1.0\;C:\Program Files\Intel\TXE Components\DAL\;C:\Program Files (x86)\Intel\TXE Components\DAL\;C:\Program Files\Intel\TXE Components\IPT\;C:\Program Files (x86)\Intel\TXE Components\IPT\;C:\WINDOWS\System32\OpenSSH\;C:\Program Files\nodejs\;C:\Program Files\Git\cmd;C:\Users\alainadmin\AppData\Local\Programs\Python\Python311\Scripts\;C:\Users\alainadmin\AppData\Local\Programs\Python\Python311\;C:\Users\alainadmin\AppData\Local\Microsoft\WindowsApps;;C:\Users\alainadmin\AppData\Roaming\npm;C:\Users\alainadmin\AppData\Local\Programs\Microsoft VS Code\bin

Yarn version: 
  1.22.19

Node version: 
  19.8.1

Platform: 
  win32 x64

Trace: 
  Error: https://registry.yarnpkg.com/@mui/icons-material/-/icons-material-5.15.1.tgz: ESOCKETTIMEDOUT
      at ClientRequest.<anonymous> (C:\Users\alainadmin\AppData\Roaming\npm\node_modules\yarn\lib\cli.js:141517:19)
      at Object.onceWrapper (node:events:626:28)
      at ClientRequest.emit (node:events:512:28)
      at TLSSocket.emitRequestTimeout (node:_http_client:840:9)
      at Object.onceWrapper (node:events:626:28)
      at TLSSocket.emit (node:events:524:35)
      at Socket._onTimeout (node:net:580:8)
      at listOnTimeout (node:internal/timers:573:17)
      at process.processTimers (node:internal/timers:514:7)

npm manifest: 
  {
    "name": "chef-doeuvre",
    "private": true,
    "version": "0.0.0",
    "type": "module",
    "scripts": {
      "dev": "vite",
      "build": "vite build",
      "lint": "eslint . --ext js,jsx --report-unused-disable-directives --max-warnings 0",
      "preview": "vite preview"
    },
    "dependencies": {
      "react": "^18.2.0",
      "react-dom": "^18.2.0"
    },
    "devDependencies": {
      "@types/react": "^18.2.43",
      "@types/react-dom": "^18.2.17",
      "@vitejs/plugin-react": "^4.2.1",
      "eslint": "^8.55.0",
      "eslint-plugin-react": "^7.33.2",
      "eslint-plugin-react-hooks": "^4.6.0",
      "eslint-plugin-react-refresh": "^0.4.5",
      "vite": "^5.0.8"
    }
  }

yarn manifest: 
  No manifest

Lockfile: 
  No lockfile
